# JRE version: OpenJDK Runtime Environment (8.0_152-b01) (build 1.8.0_152-release-915-b01)
# Java VM: OpenJDK 64-Bit Server VM (25.152-b01 mixed mode windows-amd64 compressed oops)
Heap:
 PSYoungGen      total 14336K, used 1673K [0x00000000feb00000, 0x0000000100000000, 0x0000000100000000)
  eden space 7168K, 22% used [0x00000000feb00000,0x00000000fec8a598,0x00000000ff200000)
  from space 7168K, 1% used [0x00000000ff900000,0x00000000ff918000,0x0000000100000000)
  to   space 7168K, 0% used [0x00000000ff200000,0x00000000ff200000,0x00000000ff900000)
 ParOldGen       total 44032K, used 9820K [0x00000000fc000000, 0x00000000feb00000, 0x00000000feb00000)
  object space 44032K, 22% used [0x00000000fc000000,0x00000000fc997060,0x00000000feb00000)
 Metaspace       used 7943K, capacity 8146K, committed 8192K, reserved 1056768K
  class space    used 900K, capacity 989K, committed 1024K, reserved 1048576K
GC Heap History (10 events):
Event: 4.930 GC heap before
{Heap before GC invocations=6 (full 0):
 PSYoungGen      total 18944K, used 18923K [0x00000000feb00000, 0x0000000100000000, 0x0000000100000000)
  eden space 16384K, 100% used [0x00000000feb00000,0x00000000ffb00000,0x00000000ffb00000)
  from space 2560K, 99% used [0x00000000ffb00000,0x00000000ffd7ac48,0x00000000ffd80000)
  to   space 2560K, 0% used [0x00000000ffd80000,0x00000000ffd80000,0x0000000100000000)
 ParOldGen       total 44032K, used 6952K [0x00000000fc000000, 0x00000000feb00000, 0x00000000feb00000)
  object space 44032K, 15% used [0x00000000fc000000,0x00000000fc6ca3e8,0x00000000feb00000)
 Metaspace       used 7934K, capacity 8146K, committed 8192K, reserved 1056768K
  class space    used 900K, capacity 989K, committed 1024K, reserved 1048576K
Event: 5.052 GC heap after
Heap after GC invocations=6 (full 0):
 PSYoungGen      total 9728K, used 2539K [0x00000000feb00000, 0x0000000100000000, 0x0000000100000000)
  eden space 7168K, 0% used [0x00000000feb00000,0x00000000feb00000,0x00000000ff200000)
  from space 2560K, 99% used [0x00000000ffd80000,0x00000000ffffac48,0x0000000100000000)
  to   space 7168K, 0% used [0x00000000ff200000,0x00000000ff200000,0x00000000ff900000)
 ParOldGen       total 44032K, used 7197K [0x00000000fc000000, 0x00000000feb00000, 0x00000000feb00000)
  object space 44032K, 16% used [0x00000000fc000000,0x00000000fc707408,0x00000000feb00000)
 Metaspace       used 7934K, capacity 8146K, committed 8192K, reserved 1056768K
  class space    used 900K, capacity 989K, committed 1024K, reserved 1048576K
}
Event: 5.128 GC heap before
{Heap before GC invocations=7 (full 0):
 PSYoungGen      total 9728K, used 9707K [0x00000000feb00000, 0x0000000100000000, 0x0000000100000000)
  eden space 7168K, 100% used [0x00000000feb00000,0x00000000ff200000,0x00000000ff200000)
  from space 2560K, 99% used [0x00000000ffd80000,0x00000000ffffac48,0x0000000100000000)
  to   space 7168K, 0% used [0x00000000ff200000,0x00000000ff200000,0x00000000ff900000)
 ParOldGen       total 44032K, used 7197K [0x00000000fc000000, 0x00000000feb00000, 0x00000000feb00000)
  object space 44032K, 16% used [0x00000000fc000000,0x00000000fc707408,0x00000000feb00000)
 Metaspace       used 7939K, capacity 8146K, committed 8192K, reserved 1056768K
  class space    used 900K, capacity 989K, committed 1024K, reserved 1048576K
Event: 5.179 GC heap after
Heap after GC invocations=7 (full 0):
 PSYoungGen      total 14336K, used 352K [0x00000000feb00000, 0x0000000100000000, 0x0000000100000000)
  eden space 7168K, 0% used [0x00000000feb00000,0x00000000feb00000,0x00000000ff200000)
  from space 7168K, 4% used [0x00000000ff200000,0x00000000ff258000,0x00000000ff900000)
  to   space 7168K, 0% used [0x00000000ff900000,0x00000000ff900000,0x0000000100000000)
 ParOldGen       total 44032K, used 9544K [0x00000000fc000000, 0x00000000feb00000, 0x00000000feb00000)
  object space 44032K, 21% used [0x00000000fc000000,0x00000000fc952050,0x00000000feb00000)
 Metaspace       used 7939K, capacity 8146K, committed 8192K, reserved 1056768K
  class space    used 900K, capacity 989K, committed 1024K, reserved 1048576K
}
Event: 5.268 GC heap before
{Heap before GC invocations=8 (full 0):
 PSYoungGen      total 14336K, used 7520K [0x00000000feb00000, 0x0000000100000000, 0x0000000100000000)
  eden space 7168K, 100% used [0x00000000feb00000,0x00000000ff200000,0x00000000ff200000)
  from space 7168K, 4% used [0x00000000ff200000,0x00000000ff258000,0x00000000ff900000)
  to   space 7168K, 0% used [0x00000000ff900000,0x00000000ff900000,0x0000000100000000)
 ParOldGen       total 44032K, used 9544K [0x00000000fc000000, 0x00000000feb00000, 0x00000000feb00000)
  object space 44032K, 21% used [0x00000000fc000000,0x00000000fc952050,0x00000000feb00000)
 Metaspace       used 7940K, capacity 8146K, committed 8192K, reserved 1056768K
  class space    used 900K, capacity 989K, committed 1024K, reserved 1048576K
Event: 5.516 GC heap after
Heap after GC invocations=8 (full 0):
 PSYoungGen      total 14336K, used 352K [0x00000000feb00000, 0x0000000100000000, 0x0000000100000000)
  eden space 7168K, 0% used [0x00000000feb00000,0x00000000feb00000,0x00000000ff200000)
  from space 7168K, 4% used [0x00000000ff900000,0x00000000ff958000,0x0000000100000000)
  to   space 7168K, 0% used [0x00000000ff200000,0x00000000ff200000,0x00000000ff900000)
 ParOldGen       total 44032K, used 9644K [0x00000000fc000000, 0x00000000feb00000, 0x00000000feb00000)
  object space 44032K, 21% used [0x00000000fc000000,0x00000000fc96b060,0x00000000feb00000)
 Metaspace       used 7940K, capacity 8146K, committed 8192K, reserved 1056768K
  class space    used 900K, capacity 989K, committed 1024K, reserved 1048576K
}
Event: 5.598 GC heap before
{Heap before GC invocations=9 (full 0):
 PSYoungGen      total 14336K, used 7520K [0x00000000feb00000, 0x0000000100000000, 0x0000000100000000)
  eden space 7168K, 100% used [0x00000000feb00000,0x00000000ff200000,0x00000000ff200000)
  from space 7168K, 4% used [0x00000000ff900000,0x00000000ff958000,0x0000000100000000)
  to   space 7168K, 0% used [0x00000000ff200000,0x00000000ff200000,0x00000000ff900000)
 ParOldGen       total 44032K, used 9644K [0x00000000fc000000, 0x00000000feb00000, 0x00000000feb00000)
  object space 44032K, 21% used [0x00000000fc000000,0x00000000fc96b060,0x00000000feb00000)
 Metaspace       used 7941K, capacity 8146K, committed 8192K, reserved 1056768K
  class space    used 900K, capacity 989K, committed 1024K, reserved 1048576K
Event: 5.725 GC heap after
Heap after GC invocations=9 (full 0):
 PSYoungGen      total 14336K, used 352K [0x00000000feb00000, 0x0000000100000000, 0x0000000100000000)
  eden space 7168K, 0% used [0x00000000feb00000,0x00000000feb00000,0x00000000ff200000)
  from space 7168K, 4% used [0x00000000ff200000,0x00000000ff258000,0x00000000ff900000)
  to   space 7168K, 0% used [0x00000000ff900000,0x00000000ff900000,0x0000000100000000)
 ParOldGen       total 44032K, used 9756K [0x00000000fc000000, 0x00000000feb00000, 0x00000000feb00000)
  object space 44032K, 22% used [0x00000000fc000000,0x00000000fc987060,0x00000000feb00000)
 Metaspace       used 7941K, capacity 8146K, committed 8192K, reserved 1056768K
  class space    used 900K, capacity 989K, committed 1024K, reserved 1048576K
}
Event: 5.806 GC heap before
{Heap before GC invocations=10 (full 0):
 PSYoungGen      total 14336K, used 7520K [0x00000000feb00000, 0x0000000100000000, 0x0000000100000000)
  eden space 7168K, 100% used [0x00000000feb00000,0x00000000ff200000,0x00000000ff200000)
  from space 7168K, 4% used [0x00000000ff200000,0x00000000ff258000,0x00000000ff900000)
  to   space 7168K, 0% used [0x00000000ff900000,0x00000000ff900000,0x0000000100000000)
 ParOldGen       total 44032K, used 9756K [0x00000000fc000000, 0x00000000feb00000, 0x00000000feb00000)
  object space 44032K, 22% used [0x00000000fc000000,0x00000000fc987060,0x00000000feb00000)
 Metaspace       used 7943K, capacity 8146K, committed 8192K, reserved 1056768K
  class space    used 900K, capacity 989K, committed 1024K, reserved 1048576K
Event: 5.979 GC heap after
Heap after GC invocations=10 (full 0):
 PSYoungGen      total 14336K, used 96K [0x00000000feb00000, 0x0000000100000000, 0x0000000100000000)
  eden space 7168K, 0% used [0x00000000feb00000,0x00000000feb00000,0x00000000ff200000)
  from space 7168K, 1% used [0x00000000ff900000,0x00000000ff918000,0x0000000100000000)
  to   space 7168K, 0% used [0x00000000ff200000,0x00000000ff200000,0x00000000ff900000)
 ParOldGen       total 44032K, used 9820K [0x00000000fc000000, 0x00000000feb00000, 0x00000000feb00000)
  object space 44032K, 22% used [0x00000000fc000000,0x00000000fc997060,0x00000000feb00000)
 Metaspace       used 7943K, capacity 8146K, committed 8192K, reserved 1056768K
  class space    used 900K, capacity 989K, committed 1024K, reserved 1048576K
}

